Построение начато 10.09.2022 19:56:18.
     1>Проект "C:\Users\79374\documents\visual studio 2010\Projects\lab211\lab211\lab211.vcxproj" в узле 2 (целевые объекты build).
     1>InitializeBuildStatus:
         Обращение к "Debug\lab211.unsuccessfulbuild".
       ClCompile:
         Для всех выходных данных обновления не требуется.
       ManifestResourceCompile:
         Для всех выходных данных обновления не требуется.
       Link:
         E:\2010\VC\bin\link.exe /ERRORREPORT:PROMPT /OUT:"C:\Users\79374\documents\visual studio 2010\Projects\lab211\Debug\lab211.exe" /INCREMENTAL /NOLOGO kernel32.lib user32.lib gdi32.lib winspool.lib comdlg32.lib advapi32.lib shell32.lib ole32.lib oleaut32.lib uuid.lib odbc32.lib odbccp32.lib /MANIFEST /ManifestFile:"Debug\lab211.exe.intermediate.manifest" /MANIFESTUAC:"level='asInvoker' uiAccess='false'" /DEBUG /PDB:"C:\Users\79374\documents\visual studio 2010\Projects\lab211\Debug\lab211.pdb" /SUBSYSTEM:CONSOLE /TLBID:1 /DYNAMICBASE /NXCOMPAT /IMPLIB:"C:\Users\79374\documents\visual studio 2010\Projects\lab211\Debug\lab211.lib" /MACHINE:X86 Debug\lab211.exe.embed.manifest.res
         Debug\lab211.obj
         Debug\stdafx.obj
       Manifest:
         C:\Program Files (x86)\Microsoft SDKs\Windows\v7.0A\bin\mt.exe /nologo /verbose /out:"Debug\lab211.exe.embed.manifest" /manifest Debug\lab211.exe.intermediate.manifest
         Для всех выходных данных обновления не требуется.
       LinkEmbedManifest:
         Для всех выходных данных обновления не требуется.
         lab211.vcxproj -> C:\Users\79374\documents\visual studio 2010\Projects\lab211\Debug\lab211.exe
       FinalizeBuildStatus:
         Файл "Debug\lab211.unsuccessfulbuild" удаляется.
         Обращение к "Debug\lab211.lastbuildstate".
     1>Построение проекта "C:\Users\79374\documents\visual studio 2010\Projects\lab211\lab211\lab211.vcxproj" завершено (целевые объекты build).

Построение успешно завершено.

Затраченное время: 00:00:00.57
