C:\Users\student\Desktop\llab2\Debug\cl.command.1.tlog
C:\Users\student\Desktop\llab2\Debug\CL.read.1.tlog
C:\Users\student\Desktop\llab2\Debug\CL.write.1.tlog
C:\Users\student\Desktop\llab2\Debug\link.command.1.tlog
C:\Users\student\Desktop\llab2\Debug\link.read.1.tlog
C:\Users\student\Desktop\llab2\Debug\link.write.1.tlog
C:\USERS\STUDENT\DESKTOP\LLAB2\DEBUG\LLAB2.EXE
C:\Users\student\Desktop\llab2\Debug\llab2.exe.embed.manifest
C:\USERS\STUDENT\DESKTOP\LLAB2\DEBUG\LLAB2.EXE.EMBED.MANIFEST.RES
C:\USERS\STUDENT\DESKTOP\LLAB2\DEBUG\LLAB2.EXE.INTERMEDIATE.MANIFEST
C:\USERS\STUDENT\DESKTOP\LLAB2\DEBUG\LLAB2.OBJ
C:\USERS\STUDENT\DESKTOP\LLAB2\DEBUG\LLAB2.PDB
C:\Users\student\Desktop\llab2\Debug\llab2.vcxprojResolveAssemblyReference.cache
C:\Users\student\Desktop\llab2\Debug\llab2.write.1.tlog
C:\Users\student\Desktop\llab2\Debug\llab2_manifest.rc
C:\Users\student\Desktop\llab2\Debug\mt.command.1.tlog
C:\Users\student\Desktop\llab2\Debug\mt.read.1.tlog
C:\Users\student\Desktop\llab2\Debug\mt.write.1.tlog
C:\Users\student\Desktop\llab2\Debug\rc.command.1.tlog
C:\Users\student\Desktop\llab2\Debug\rc.read.1.tlog
C:\Users\student\Desktop\llab2\Debug\rc.write.1.tlog
C:\USERS\STUDENT\DESKTOP\LLAB2\DEBUG\STDAFX.OBJ
C:\Users\student\Desktop\llab2\Debug\vc100.idb
C:\USERS\STUDENT\DESKTOP\LLAB2\DEBUG\VC100.PDB
